<?xml version="1.0" encoding="UTF-8"?>
<!-- Generated by org.testng.reporters.JUnitReportReporter -->
<testsuite hostname="DESKTOP-F1VCC58" failures="0" tests="3" name="Nalini.PageObjectE2ETest" time="70.236" errors="0" timestamp="2024-04-08T13:10:11 IST" skipped="0">
  <testcase classname="Nalini.PageObjectE2ETest" name="submitOrder" time="28.403"/>
  <testcase classname="Nalini.PageObjectE2ETest" name="OrderHistroyTest" time="8.591"/>
  <testcase classname="Nalini.PageObjectE2ETest" name="submitOrder" time="33.242"/>
</testsuite> <!-- Nalini.PageObjectE2ETest -->
