<?xml version="1.0" encoding="UTF-8"?>
<!-- Generated by org.testng.reporters.JUnitReportReporter -->
<testsuite hostname="DESKTOP-F1VCC58" failures="0" tests="2" name="Nalini.ErrorValidations" time="34.835" errors="0" timestamp="2024-04-08T13:10:11 IST" skipped="0">
  <testcase classname="Nalini.ErrorValidations" name="ProductErrorValidation" time="25.315"/>
  <testcase classname="Nalini.ErrorValidations" name="loginerrorvalidation" time="9.520"/>
</testsuite> <!-- Nalini.ErrorValidations -->
