<?xml version="1.0" encoding="UTF-8"?>
<!-- Generated by org.testng.reporters.JUnitReportReporter -->
<testsuite hostname="DESKTOP-F1VCC58" failures="0" tests="3" name="Nalini.PageObjectE2ETest" time="58.568" errors="0" timestamp="2024-04-01T13:55:49 IST" skipped="0">
  <testcase classname="Nalini.PageObjectE2ETest" name="submitOrder" time="24.422"/>
  <testcase classname="Nalini.PageObjectE2ETest" name="submitOrder" time="24.578"/>
  <testcase classname="Nalini.PageObjectE2ETest" name="OrderHistroyTest" time="9.568"/>
</testsuite> <!-- Nalini.PageObjectE2ETest -->
