<?xml version="1.0" encoding="UTF-8"?>
<!-- Generated by org.testng.reporters.JUnitReportReporter -->
<testsuite hostname="DESKTOP-F1VCC58" failures="0" tests="2" name="Nalini.ErrorValidations" time="30.205" errors="0" timestamp="2024-04-01T13:55:49 IST" skipped="0">
  <testcase classname="Nalini.ErrorValidations" name="loginerrorvalidation" time="9.280"/>
  <testcase classname="Nalini.ErrorValidations" name="ProductErrorValidation" time="20.925"/>
</testsuite> <!-- Nalini.ErrorValidations -->
